2025-07-02 08:27:26 | SUCCESS | 连接MiniQMT成功！会话ID: 100, 资金账号: 40069146
2025-07-02 08:27:26 | SUCCESS | 交易回调订阅成功: 0
2025-07-02 08:27:26 | SUCCESS | 成功读取交易信号: 30条
2025-07-02 08:27:26 | INFO | 当前持仓数量: 28只股票
2025-07-02 08:27:26 | INFO | 生成待处理订单 -> stock_code: 300478.SZ | order_type: buy | volume: 4600.0
2025-07-02 08:27:26 | INFO | 生成待处理订单 -> stock_code: 603003.SH | order_type: buy | volume: 59300.0
2025-07-02 08:27:26 | INFO | 启动定时器 | 行情监听（阻塞）
2025-07-02 08:27:26 | INFO | 主线程进入阻塞状态，等待交易结束...
2025-07-02 08:33:26 | INFO | 心跳检测开始，间隔时间: 360
2025-07-02 08:33:26 | INFO | 心跳检测正常，重新计时: 2025-07-02 08:33:26.761841
2025-07-02 08:35:01 | INFO | 账户信息推送, 账户ID: 40069146, 账户类型: 2, 账户状态: 1, 
2025-07-02 08:35:01 | ERROR | ！！！账户状态异常！！！
2025-07-02 08:35:06 | INFO | 账户信息推送, 账户ID: 40069146, 账户类型: 2, 账户状态: 2, 
2025-07-02 08:35:06 | ERROR | ！！！账户状态异常！！！
2025-07-02 08:35:06 | INFO | 账户信息推送, 账户ID: 40069146, 账户类型: 2, 账户状态: 4, 
2025-07-02 08:35:06 | ERROR | ！！！账户状态异常！！！
2025-07-02 08:35:06 | INFO | 账户信息推送, 账户ID: 40069146, 账户类型: 2, 账户状态: 0, 
2025-07-02 08:39:26 | INFO | 心跳检测开始，间隔时间: 360
2025-07-02 08:39:26 | INFO | 心跳检测正常，重新计时: 2025-07-02 08:39:26.820126
2025-07-02 08:45:25 | INFO | 账户信息推送, 账户ID: 40069146, 账户类型: 2, 账户状态: 3, 
2025-07-02 08:45:25 | ERROR | ！！！账户状态异常！！！
2025-07-02 08:45:26 | INFO | 心跳检测开始，间隔时间: 360
2025-07-02 08:45:26 | INFO | 心跳检测正常，重新计时: 2025-07-02 08:45:26.875739
2025-07-02 08:45:28 | INFO | 账户信息推送, 账户ID: 40069146, 账户类型: 2, 账户状态: 5, 
2025-07-02 08:45:28 | ERROR | ！！！账户状态异常！！！
2025-07-02 08:45:28 | INFO | 账户信息推送, 账户ID: 40069146, 账户类型: 2, 账户状态: 0, 
2025-07-02 08:50:32 | WARNING | 用户中断，准备关闭系统
2025-07-02 08:50:32 | INFO | 交易结束，查询当日总体情况
2025-07-02 08:50:32 | INFO | 当日资产: 20037467.0
2025-07-02 08:50:32 | INFO | 当日委托: 0笔
2025-07-02 08:50:32 | INFO | 当日成交: 0笔
2025-07-02 08:50:32 | INFO | 持仓数量: 28只股票
2025-07-02 08:50:32 | INFO | 开始关闭交易系统...
2025-07-02 08:50:32 | SUCCESS | 交易系统已完全停止
2025-07-02 08:52:27 | SUCCESS | 连接MiniQMT成功！会话ID: 100, 资金账号: 40069146
2025-07-02 08:52:27 | SUCCESS | 交易回调订阅成功: 0
2025-07-02 08:52:27 | SUCCESS | 成功读取交易信号: 30条
2025-07-02 08:52:27 | INFO | 当前持仓数量: 28只股票
2025-07-02 08:52:27 | INFO | 生成待处理订单 -> stock_code: 300478.SZ | order_type: buy | volume: 4600.0
2025-07-02 08:52:27 | INFO | 生成待处理订单 -> stock_code: 603003.SH | order_type: buy | volume: 59300.0
2025-07-02 08:52:27 | INFO | 启动定时器 | 行情监听（阻塞）
2025-07-02 08:52:27 | INFO | 主线程进入阻塞状态，等待交易结束...
2025-07-02 08:58:27 | INFO | 心跳检测开始，间隔时间: 360
2025-07-02 08:58:27 | INFO | 心跳检测正常，重新计时: 2025-07-02 08:58:27.184408
2025-07-02 09:04:27 | INFO | 心跳检测开始，间隔时间: 360
2025-07-02 09:04:27 | INFO | 心跳检测正常，重新计时: 2025-07-02 09:04:27.228192
2025-07-02 09:10:27 | INFO | 心跳检测开始，间隔时间: 360
2025-07-02 09:10:27 | INFO | 心跳检测正常，重新计时: 2025-07-02 09:10:27.269201
2025-07-02 09:16:27 | INFO | 心跳检测开始，间隔时间: 360
2025-07-02 09:16:27 | INFO | 心跳检测正常，重新计时: 2025-07-02 09:16:27.326015
2025-07-02 09:22:27 | INFO | 心跳检测开始，间隔时间: 360
2025-07-02 09:22:27 | INFO | 心跳检测正常，重新计时: 2025-07-02 09:22:27.398107
2025-07-02 09:28:27 | INFO | 心跳检测开始，间隔时间: 360
2025-07-02 09:28:27 | INFO | 心跳检测正常，重新计时: 2025-07-02 09:28:27.442946
2025-07-02 09:30:27 | INFO | 发送异步订单: stock_code=300478.SZ, price=15.9, volume=4600.0, type=buy, price_type=1
2025-07-02 09:30:27 | SUCCESS | 异步订单已提交，ID: 2270
2025-07-02 09:30:27 | WARNING | 尚未监听到行情数据: 603003.SH
2025-07-02 09:30:27 | INFO | 订单 信息推送: 订单ID=1082131058, 股票代码=300478.SZ, 方向=23, 价格=15.9, 委托数量=4600, 已成交=0, 委托状态=50
2025-07-02 09:30:27 | INFO | 订单 信息推送: 订单ID=1082131058, 股票代码=300478.SZ, 方向=23, 价格=15.9, 委托数量=4600, 已成交=4600, 委托状态=56
2025-07-02 09:31:27 | WARNING | 尚未监听到行情数据: 603003.SH
2025-07-02 09:32:27 | WARNING | 尚未监听到行情数据: 603003.SH
2025-07-02 09:33:27 | WARNING | 尚未监听到行情数据: 603003.SH
2025-07-02 09:34:13 | WARNING | 用户中断，准备关闭系统
2025-07-02 09:34:13 | INFO | 交易结束，查询当日总体情况
2025-07-02 09:34:13 | INFO | 当日资产: 20024096.61
2025-07-02 09:34:13 | INFO | 当日委托: 1笔
2025-07-02 09:34:13 | INFO | 当日成交: 1笔
2025-07-02 09:34:13 | INFO | 持仓数量: 29只股票
2025-07-02 09:34:13 | INFO | 开始关闭交易系统...
2025-07-02 09:34:13 | SUCCESS | 交易系统已完全停止
2025-07-02 09:34:30 | SUCCESS | 连接MiniQMT成功！会话ID: 100, 资金账号: 40069146
2025-07-02 09:34:30 | SUCCESS | 交易回调订阅成功: 0
2025-07-02 09:34:30 | SUCCESS | 成功读取交易信号: 29条
2025-07-02 09:34:30 | INFO | 当前持仓数量: 29只股票
2025-07-02 09:34:30 | INFO | 生成待处理订单 -> stock_code: 001202.SZ | order_type: sell | volume: 9400
2025-07-02 09:34:30 | INFO | 生成待处理订单 -> stock_code: 001259.SZ | order_type: sell | volume: 2200
2025-07-02 09:34:30 | INFO | 生成待处理订单 -> stock_code: 002910.SZ | order_type: sell | volume: 3000
2025-07-02 09:34:30 | INFO | 启动定时器 | 行情监听（阻塞）
2025-07-02 09:34:30 | INFO | 主线程进入阻塞状态，等待交易结束...
2025-07-02 09:35:30 | INFO | 发送异步订单: stock_code=001202.SZ, price=13.39, volume=9400, type=sell, price_type=1
2025-07-02 09:35:30 | SUCCESS | 异步订单已提交，ID: 64
2025-07-02 09:35:30 | INFO | 发送异步订单: stock_code=001259.SZ, price=25.79, volume=2200, type=sell, price_type=1
2025-07-02 09:35:30 | SUCCESS | 异步订单已提交，ID: 65
2025-07-02 09:35:30 | INFO | 发送异步订单: stock_code=002910.SZ, price=9.54, volume=3000, type=sell, price_type=1
2025-07-02 09:35:30 | SUCCESS | 异步订单已提交，ID: 66
2025-07-02 09:35:30 | INFO | 订单 信息推送: 订单ID=1082131496, 股票代码=002910.SZ, 方向=24, 价格=9.540000000000001, 委托数量=3000, 已成交=0, 委托状态=50
2025-07-02 09:35:30 | INFO | 订单 信息推送: 订单ID=1082131495, 股票代码=001259.SZ, 方向=24, 价格=25.79, 委托数量=2200, 已成交=0, 委托状态=50
2025-07-02 09:35:30 | INFO | 订单 信息推送: 订单ID=1082131494, 股票代码=001202.SZ, 方向=24, 价格=13.39, 委托数量=9400, 已成交=0, 委托状态=50
2025-07-02 09:37:30 | WARNING | 订单超时未成交 | ID: 1082131496 | 尝试撤单
2025-07-02 09:37:30 | INFO | 撤单: order_id: 1082131496
2025-07-02 09:37:30 | SUCCESS | 异步撤单请求发送成功 -> 订单ID: 1082131496
2025-07-02 09:37:30 | WARNING | 订单超时未成交 | ID: 1082131495 | 尝试撤单
2025-07-02 09:37:30 | INFO | 撤单: order_id: 1082131495
2025-07-02 09:37:30 | SUCCESS | 异步撤单请求发送成功 -> 订单ID: 1082131495
2025-07-02 09:37:30 | WARNING | 订单超时未成交 | ID: 1082131494 | 尝试撤单
2025-07-02 09:37:30 | INFO | 撤单: order_id: 1082131494
2025-07-02 09:37:30 | SUCCESS | 异步撤单请求发送成功 -> 订单ID: 1082131494
2025-07-02 09:37:31 | INFO | 订单 信息推送: 订单ID=1082131494, 股票代码=001202.SZ, 方向=24, 价格=13.39, 委托数量=9400, 已成交=0, 委托状态=54
2025-07-02 09:37:31 | INFO | 订单 信息推送: 订单ID=1082131495, 股票代码=001259.SZ, 方向=24, 价格=25.79, 委托数量=2200, 已成交=0, 委托状态=54
2025-07-02 09:37:31 | INFO | 订单 信息推送: 订单ID=1082131496, 股票代码=002910.SZ, 方向=24, 价格=9.540000000000001, 委托数量=3000, 已成交=0, 委托状态=54
2025-07-02 09:40:30 | INFO | 心跳检测开始，间隔时间: 360
2025-07-02 09:40:30 | INFO | 心跳检测正常，重新计时: 2025-07-02 09:40:30.396141
2025-07-02 09:46:30 | INFO | 心跳检测开始，间隔时间: 360
2025-07-02 09:46:30 | INFO | 心跳检测正常，重新计时: 2025-07-02 09:46:30.444935
2025-07-02 09:52:30 | INFO | 心跳检测开始，间隔时间: 360
2025-07-02 09:52:30 | INFO | 心跳检测正常，重新计时: 2025-07-02 09:52:30.488681
2025-07-02 09:55:56 | WARNING | 用户中断，准备关闭系统
2025-07-02 09:55:56 | INFO | 交易结束，查询当日总体情况
2025-07-02 09:55:56 | INFO | 当日资产: 20034439.61
2025-07-02 09:55:56 | INFO | 当日委托: 4笔
2025-07-02 09:55:56 | INFO | 当日成交: 1笔
2025-07-02 09:55:56 | INFO | 持仓数量: 29只股票
2025-07-02 09:55:56 | INFO | 开始关闭交易系统...
2025-07-02 09:55:57 | SUCCESS | 交易系统已完全停止
2025-07-02 09:56:26 | SUCCESS | 连接MiniQMT成功！会话ID: 100, 资金账号: 40069146
2025-07-02 09:56:26 | SUCCESS | 交易回调订阅成功: 0
2025-07-02 09:56:26 | SUCCESS | 成功读取交易信号: 29条
2025-07-02 09:56:26 | INFO | 当前持仓数量: 29只股票
2025-07-02 09:56:26 | INFO | 生成待处理订单 -> stock_code: 001202.SZ | order_type: sell | volume: 9400
2025-07-02 09:56:26 | INFO | 生成待处理订单 -> stock_code: 001259.SZ | order_type: sell | volume: 2200
2025-07-02 09:56:26 | INFO | 生成待处理订单 -> stock_code: 002910.SZ | order_type: sell | volume: 3000
2025-07-02 09:56:26 | INFO | 启动定时器 | 行情监听（非阻塞）
2025-07-02 09:56:26 | INFO | 主线程进入阻塞状态，等待交易结束...
2025-07-02 09:56:50 | WARNING | 用户中断，准备关闭系统
2025-07-02 09:56:50 | INFO | 交易结束，查询当日总体情况
2025-07-02 09:56:50 | INFO | 当日资产: 20034439.61
2025-07-02 09:56:50 | INFO | 当日委托: 4笔
2025-07-02 09:56:50 | INFO | 当日成交: 1笔
2025-07-02 09:56:50 | INFO | 持仓数量: 29只股票
2025-07-02 09:56:50 | INFO | 开始关闭交易系统...
2025-07-02 09:56:50 | SUCCESS | 交易系统已完全停止
2025-07-02 09:57:51 | SUCCESS | 连接MiniQMT成功！会话ID: 100, 资金账号: 40069146
2025-07-02 09:57:51 | SUCCESS | 交易回调订阅成功: 0
2025-07-02 09:57:51 | SUCCESS | 成功读取交易信号: 29条
2025-07-02 09:57:51 | INFO | 当前持仓数量: 29只股票
2025-07-02 09:57:51 | INFO | 生成待处理订单 -> stock_code: 001202.SZ | order_type: sell | volume: 9400
2025-07-02 09:57:51 | INFO | 生成待处理订单 -> stock_code: 001259.SZ | order_type: sell | volume: 2200
2025-07-02 09:57:51 | INFO | 生成待处理订单 -> stock_code: 002910.SZ | order_type: sell | volume: 3000
2025-07-02 09:57:51 | INFO | 启动定时器 | 行情监听（非阻塞）
2025-07-02 09:57:51 | INFO | 主线程进入阻塞状态，等待交易结束...
2025-07-02 09:58:01 | INFO | 发送异步订单: stock_code=001202.SZ, price=13.39, volume=9400, type=sell, price_type=1
2025-07-02 09:58:01 | SUCCESS | 异步订单已提交，ID: 13
2025-07-02 09:58:01 | INFO | 发送异步订单: stock_code=001259.SZ, price=25.79, volume=2200, type=sell, price_type=1
2025-07-02 09:58:01 | SUCCESS | 异步订单已提交，ID: 14
2025-07-02 09:58:01 | INFO | 发送异步订单: stock_code=002910.SZ, price=9.59, volume=3000, type=sell, price_type=1
2025-07-02 09:58:01 | SUCCESS | 异步订单已提交，ID: 15
2025-07-02 09:58:04 | INFO | 订单 信息推送: 订单ID=1082132551, 股票代码=002910.SZ, 方向=24, 价格=9.59, 委托数量=3000, 已成交=0, 委托状态=50
2025-07-02 09:58:04 | INFO | 订单 信息推送: 订单ID=1082132550, 股票代码=001259.SZ, 方向=24, 价格=25.79, 委托数量=2200, 已成交=0, 委托状态=50
2025-07-02 09:58:04 | INFO | 订单 信息推送: 订单ID=1082132549, 股票代码=001202.SZ, 方向=24, 价格=13.39, 委托数量=9400, 已成交=0, 委托状态=50
2025-07-02 09:58:04 | INFO | 订单 信息推送: 订单ID=1082132551, 股票代码=002910.SZ, 方向=24, 价格=9.59, 委托数量=3000, 已成交=3000, 委托状态=56
2025-07-02 09:59:01 | INFO | 心跳检测开始，间隔时间: 70
2025-07-02 09:59:01 | INFO | 心跳检测正常，重新计时: 2025-07-02 09:59:01.763354
2025-07-02 09:59:51 | WARNING | 订单超时未成交 | ID: 1082132550 | 尝试撤单
2025-07-02 09:59:51 | INFO | 撤单: order_id: 1082132550
2025-07-02 09:59:51 | SUCCESS | 异步撤单请求发送成功 -> 订单ID: 1082132550
2025-07-02 09:59:51 | WARNING | 订单超时未成交 | ID: 1082132549 | 尝试撤单
2025-07-02 09:59:51 | INFO | 撤单: order_id: 1082132549
2025-07-02 09:59:51 | SUCCESS | 异步撤单请求发送成功 -> 订单ID: 1082132549
2025-07-02 09:59:52 | INFO | 订单 信息推送: 订单ID=1082132549, 股票代码=001202.SZ, 方向=24, 价格=13.39, 委托数量=9400, 已成交=0, 委托状态=54
2025-07-02 09:59:52 | INFO | 订单 信息推送: 订单ID=1082132550, 股票代码=001259.SZ, 方向=24, 价格=25.79, 委托数量=2200, 已成交=0, 委托状态=54
2025-07-02 10:00:11 | INFO | 心跳检测开始，间隔时间: 70
2025-07-02 10:00:11 | INFO | 心跳检测正常，重新计时: 2025-07-02 10:00:11.825438
2025-07-02 10:01:21 | INFO | 心跳检测开始，间隔时间: 70
2025-07-02 10:01:21 | INFO | 心跳检测正常，重新计时: 2025-07-02 10:01:21.857233
2025-07-02 10:01:24 | WARNING | 用户中断，准备关闭系统
2025-07-02 10:01:24 | INFO | 交易结束，查询当日总体情况
2025-07-02 10:01:24 | INFO | 当日资产: 20036450.95
2025-07-02 10:01:24 | INFO | 当日委托: 7笔
2025-07-02 10:01:24 | INFO | 当日成交: 2笔
2025-07-02 10:01:24 | INFO | 持仓数量: 29只股票
2025-07-02 10:01:24 | INFO | 开始关闭交易系统...
2025-07-02 10:01:24 | SUCCESS | 交易系统已完全停止
2025-07-02 10:02:02 | SUCCESS | 连接MiniQMT成功！会话ID: 100, 资金账号: 40069146
2025-07-02 10:02:02 | SUCCESS | 交易回调订阅成功: 0
2025-07-02 10:02:02 | SUCCESS | 成功读取交易信号: 29条
2025-07-02 10:02:02 | INFO | 当前持仓数量: 29只股票
2025-07-02 10:02:02 | INFO | 生成待处理订单 -> stock_code: 001202.SZ | order_type: sell | volume: 9400
2025-07-02 10:02:02 | INFO | 生成待处理订单 -> stock_code: 001259.SZ | order_type: sell | volume: 2200
2025-07-02 10:02:02 | INFO | 启动定时器 | 行情监听（非阻塞）
2025-07-02 10:02:02 | INFO | 主线程进入阻塞状态，等待交易结束...
2025-07-02 10:02:12 | INFO | 发送异步订单: stock_code=001202.SZ, price=13.39, volume=9400, type=sell, price_type=1
2025-07-02 10:02:12 | SUCCESS | 异步订单已提交，ID: 14
2025-07-02 10:02:12 | INFO | 发送异步订单: stock_code=001259.SZ, price=25.79, volume=2200, type=sell, price_type=1
2025-07-02 10:02:12 | SUCCESS | 异步订单已提交，ID: 15
2025-07-02 10:02:12 | INFO | 订单 信息推送: 订单ID=1082132840, 股票代码=001202.SZ, 方向=24, 价格=13.39, 委托数量=9400, 已成交=0, 委托状态=50
2025-07-02 10:02:12 | INFO | 订单 信息推送: 订单ID=1082132841, 股票代码=001259.SZ, 方向=24, 价格=25.79, 委托数量=2200, 已成交=0, 委托状态=50
2025-07-02 10:03:12 | INFO | 心跳检测开始，间隔时间: 70
2025-07-02 10:03:12 | INFO | 心跳检测正常，重新计时: 2025-07-02 10:03:12.524113
2025-07-02 10:04:02 | WARNING | 订单超时未成交 | ID: 1082132840 | 尝试撤单
2025-07-02 10:04:02 | INFO | 撤单: order_id: 1082132840
2025-07-02 10:04:02 | SUCCESS | 异步撤单请求发送成功 -> 订单ID: 1082132840
2025-07-02 10:04:02 | WARNING | 订单超时未成交 | ID: 1082132841 | 尝试撤单
2025-07-02 10:04:02 | INFO | 撤单: order_id: 1082132841
2025-07-02 10:04:02 | SUCCESS | 异步撤单请求发送成功 -> 订单ID: 1082132841
2025-07-02 10:04:03 | INFO | 订单 信息推送: 订单ID=1082132841, 股票代码=001259.SZ, 方向=24, 价格=25.79, 委托数量=2200, 已成交=0, 委托状态=54
2025-07-02 10:04:03 | INFO | 撤单成功生成新订单 | 001259.SZ 2200股
2025-07-02 10:04:03 | INFO | 订单 信息推送: 订单ID=1082132840, 股票代码=001202.SZ, 方向=24, 价格=13.39, 委托数量=9400, 已成交=0, 委托状态=54
2025-07-02 10:04:03 | INFO | 撤单成功生成新订单 | 001202.SZ 9400股
2025-07-02 10:04:12 | INFO | 发送异步订单: stock_code=001259.SZ, price=25.79, volume=2200, type=sell, price_type=1
2025-07-02 10:04:12 | SUCCESS | 异步订单已提交，ID: 135
2025-07-02 10:04:12 | INFO | 发送异步订单: stock_code=001202.SZ, price=13.39, volume=9400, type=sell, price_type=1
2025-07-02 10:04:12 | SUCCESS | 异步订单已提交，ID: 136
2025-07-02 10:04:12 | INFO | 订单 信息推送: 订单ID=1082132957, 股票代码=001259.SZ, 方向=24, 价格=25.79, 委托数量=2200, 已成交=0, 委托状态=50
2025-07-02 10:04:12 | INFO | 订单 信息推送: 订单ID=1082132958, 股票代码=001202.SZ, 方向=24, 价格=13.39, 委托数量=9400, 已成交=0, 委托状态=50
2025-07-02 10:04:22 | INFO | 心跳检测开始，间隔时间: 70
2025-07-02 10:04:22 | INFO | 心跳检测正常，重新计时: 2025-07-02 10:04:22.584661
2025-07-02 10:05:32 | INFO | 心跳检测开始，间隔时间: 70
2025-07-02 10:05:32 | INFO | 心跳检测正常，重新计时: 2025-07-02 10:05:32.646666
2025-07-02 10:06:02 | WARNING | 订单超时未成交 | ID: 1082132957 | 尝试撤单
2025-07-02 10:06:02 | INFO | 撤单: order_id: 1082132957
2025-07-02 10:06:02 | SUCCESS | 异步撤单请求发送成功 -> 订单ID: 1082132957
2025-07-02 10:06:02 | WARNING | 订单超时未成交 | ID: 1082132958 | 尝试撤单
2025-07-02 10:06:02 | INFO | 撤单: order_id: 1082132958
2025-07-02 10:06:02 | SUCCESS | 异步撤单请求发送成功 -> 订单ID: 1082132958
2025-07-02 10:06:02 | INFO | 订单 信息推送: 订单ID=1082132958, 股票代码=001202.SZ, 方向=24, 价格=13.39, 委托数量=9400, 已成交=0, 委托状态=54
2025-07-02 10:06:02 | INFO | 撤单成功生成新订单 | 001202.SZ 9400股
2025-07-02 10:06:02 | INFO | 发送异步订单: stock_code=001202.SZ, price=13.39, volume=9400, type=sell, price_type=1
2025-07-02 10:06:02 | SUCCESS | 异步订单已提交，ID: 247
2025-07-02 10:06:03 | INFO | 订单 信息推送: 订单ID=1082132957, 股票代码=001259.SZ, 方向=24, 价格=25.79, 委托数量=2200, 已成交=0, 委托状态=54
2025-07-02 10:06:03 | INFO | 撤单成功生成新订单 | 001259.SZ 2200股
2025-07-02 10:06:04 | INFO | 订单 信息推送: 订单ID=1082133063, 股票代码=001202.SZ, 方向=24, 价格=13.39, 委托数量=9400, 已成交=0, 委托状态=50
2025-07-02 10:06:12 | INFO | 发送异步订单: stock_code=001259.SZ, price=25.79, volume=2200, type=sell, price_type=1
2025-07-02 10:06:12 | SUCCESS | 异步订单已提交，ID: 255
2025-07-02 10:06:13 | INFO | 订单 信息推送: 订单ID=1082133076, 股票代码=001259.SZ, 方向=24, 价格=25.79, 委托数量=2200, 已成交=0, 委托状态=50
2025-07-02 10:06:42 | INFO | 心跳检测开始，间隔时间: 70
2025-07-02 10:06:42 | INFO | 心跳检测正常，重新计时: 2025-07-02 10:06:42.715020
2025-07-02 10:07:52 | INFO | 心跳检测开始，间隔时间: 70
2025-07-02 10:07:52 | INFO | 心跳检测正常，重新计时: 2025-07-02 10:07:52.789209
2025-07-02 10:08:02 | WARNING | 订单超时未成交 | ID: 1082133063 | 尝试撤单
2025-07-02 10:08:02 | INFO | 撤单: order_id: 1082133063
2025-07-02 10:08:02 | SUCCESS | 异步撤单请求发送成功 -> 订单ID: 1082133063
2025-07-02 10:08:02 | WARNING | 订单超时未成交 | ID: 1082133076 | 尝试撤单
2025-07-02 10:08:02 | INFO | 撤单: order_id: 1082133076
2025-07-02 10:08:02 | SUCCESS | 异步撤单请求发送成功 -> 订单ID: 1082133076
2025-07-02 10:08:02 | INFO | 订单 信息推送: 订单ID=1082133063, 股票代码=001202.SZ, 方向=24, 价格=13.39, 委托数量=9400, 已成交=0, 委托状态=54
2025-07-02 10:08:02 | INFO | 撤单成功生成新订单 | 001202.SZ 9400股
2025-07-02 10:08:02 | INFO | 订单 信息推送: 订单ID=1082133076, 股票代码=001259.SZ, 方向=24, 价格=25.79, 委托数量=2200, 已成交=0, 委托状态=54
2025-07-02 10:08:02 | INFO | 撤单成功生成新订单 | 001259.SZ 2200股
2025-07-02 10:08:02 | INFO | 发送异步订单: stock_code=001202.SZ, price=13.39, volume=9400, type=sell, price_type=1
2025-07-02 10:08:02 | SUCCESS | 异步订单已提交，ID: 366
2025-07-02 10:08:02 | INFO | 发送异步订单: stock_code=001259.SZ, price=25.79, volume=2200, type=sell, price_type=1
2025-07-02 10:08:02 | SUCCESS | 异步订单已提交，ID: 367
2025-07-02 10:08:02 | INFO | 订单 信息推送: 订单ID=1082133184, 股票代码=001202.SZ, 方向=24, 价格=13.39, 委托数量=9400, 已成交=0, 委托状态=50
2025-07-02 10:08:02 | INFO | 订单 信息推送: 订单ID=1082133185, 股票代码=001259.SZ, 方向=24, 价格=25.79, 委托数量=2200, 已成交=0, 委托状态=50
2025-07-02 10:09:02 | INFO | 心跳检测开始，间隔时间: 70
2025-07-02 10:09:02 | INFO | 心跳检测正常，重新计时: 2025-07-02 10:09:02.854050
2025-07-02 10:10:02 | WARNING | 订单超时未成交 | ID: 1082133184 | 尝试撤单
2025-07-02 10:10:02 | INFO | 撤单: order_id: 1082133184
2025-07-02 10:10:02 | SUCCESS | 异步撤单请求发送成功 -> 订单ID: 1082133184
2025-07-02 10:10:02 | WARNING | 订单超时未成交 | ID: 1082133185 | 尝试撤单
2025-07-02 10:10:02 | INFO | 撤单: order_id: 1082133185
2025-07-02 10:10:02 | SUCCESS | 异步撤单请求发送成功 -> 订单ID: 1082133185
2025-07-02 10:10:04 | INFO | 订单 信息推送: 订单ID=1082133184, 股票代码=001202.SZ, 方向=24, 价格=13.39, 委托数量=9400, 已成交=0, 委托状态=54
2025-07-02 10:10:04 | WARNING | 超过最大挂撤单次数，不再发单: 4
2025-07-02 10:10:04 | INFO | 订单 信息推送: 订单ID=1082133185, 股票代码=001259.SZ, 方向=24, 价格=25.79, 委托数量=2200, 已成交=0, 委托状态=54
2025-07-02 10:10:04 | WARNING | 超过最大挂撤单次数，不再发单: 4
2025-07-02 10:10:12 | INFO | 心跳检测开始，间隔时间: 70
2025-07-02 10:10:12 | INFO | 心跳检测正常，重新计时: 2025-07-02 10:10:12.879104
2025-07-02 10:11:22 | INFO | 心跳检测开始，间隔时间: 70
2025-07-02 10:11:22 | INFO | 心跳检测正常，重新计时: 2025-07-02 10:11:22.930259
2025-07-02 10:11:55 | WARNING | 用户中断，准备关闭系统
2025-07-02 10:11:55 | INFO | 交易结束，查询当日总体情况
2025-07-02 10:11:55 | INFO | 当日资产: 20027877.95
2025-07-02 10:11:55 | INFO | 当日委托: 15笔
2025-07-02 10:11:55 | INFO | 当日成交: 2笔
2025-07-02 10:11:55 | INFO | 持仓数量: 29只股票
2025-07-02 10:11:55 | INFO | 开始关闭交易系统...
2025-07-02 10:11:55 | SUCCESS | 交易系统已完全停止
2025-07-02 10:12:08 | SUCCESS | 连接MiniQMT成功！会话ID: 100, 资金账号: 40069146
2025-07-02 10:12:08 | SUCCESS | 交易回调订阅成功: 0
2025-07-02 10:12:08 | SUCCESS | 成功读取交易信号: 29条
2025-07-02 10:12:08 | INFO | 当前持仓数量: 29只股票
2025-07-02 10:12:08 | INFO | 生成待处理订单 -> stock_code: 001202.SZ | order_type: sell | volume: 9400
2025-07-02 10:12:08 | INFO | 生成待处理订单 -> stock_code: 001259.SZ | order_type: sell | volume: 2200
2025-07-02 10:12:08 | INFO | 启动定时器 | 行情监听（非阻塞）
2025-07-02 10:12:08 | INFO | 主线程进入阻塞状态，等待交易结束...
2025-07-02 10:12:18 | INFO | 发送异步订单: stock_code=001202.SZ, price=13.39, volume=9400, type=sell, price_type=1
2025-07-02 10:12:18 | SUCCESS | 异步订单已提交，ID: 14
2025-07-02 10:12:18 | INFO | 发送异步订单: stock_code=001259.SZ, price=25.79, volume=2200, type=sell, price_type=1
2025-07-02 10:12:18 | SUCCESS | 异步订单已提交，ID: 15
2025-07-02 10:12:18 | INFO | 订单 信息推送: 订单ID=1082133350, 股票代码=001259.SZ, 方向=24, 价格=25.79, 委托数量=2200, 已成交=0, 委托状态=50
2025-07-02 10:12:18 | INFO | 订单 信息推送: 订单ID=1082133349, 股票代码=001202.SZ, 方向=24, 价格=13.39, 委托数量=9400, 已成交=0, 委托状态=50
2025-07-02 10:14:08 | WARNING | 订单超时未成交 | ID: 1082133350 | 尝试撤单
2025-07-02 10:14:08 | INFO | 撤单: order_id: 1082133350
2025-07-02 10:14:08 | SUCCESS | 异步撤单请求发送成功 -> 订单ID: 1082133350
2025-07-02 10:14:08 | WARNING | 订单超时未成交 | ID: 1082133349 | 尝试撤单
2025-07-02 10:14:08 | INFO | 撤单: order_id: 1082133349
2025-07-02 10:14:08 | SUCCESS | 异步撤单请求发送成功 -> 订单ID: 1082133349
2025-07-02 10:14:08 | INFO | 订单 信息推送: 订单ID=1082133350, 股票代码=001259.SZ, 方向=24, 价格=25.79, 委托数量=2200, 已成交=0, 委托状态=54
2025-07-02 10:14:08 | INFO | 撤单成功生成新订单 | 001259.SZ 2200股
2025-07-02 10:14:08 | INFO | 订单 信息推送: 订单ID=1082133349, 股票代码=001202.SZ, 方向=24, 价格=13.39, 委托数量=9400, 已成交=0, 委托状态=54
2025-07-02 10:14:08 | INFO | 撤单成功生成新订单 | 001202.SZ 9400股
2025-07-02 10:14:18 | INFO | 发送异步订单: stock_code=001259.SZ, price=25.79, volume=2200, type=sell, price_type=1
2025-07-02 10:14:18 | SUCCESS | 异步订单已提交，ID: 134
2025-07-02 10:14:18 | INFO | 发送异步订单: stock_code=001202.SZ, price=13.39, volume=9400, type=sell, price_type=1
2025-07-02 10:14:18 | SUCCESS | 异步订单已提交，ID: 135
2025-07-02 10:14:18 | INFO | 订单 信息推送: 订单ID=1082133410, 股票代码=001259.SZ, 方向=24, 价格=25.79, 委托数量=2200, 已成交=0, 委托状态=50
2025-07-02 10:14:18 | INFO | 订单 信息推送: 订单ID=1082133411, 股票代码=001202.SZ, 方向=24, 价格=13.39, 委托数量=9400, 已成交=0, 委托状态=50
2025-07-02 10:16:08 | WARNING | 订单超时未成交 | ID: 1082133410 | 尝试撤单
2025-07-02 10:16:08 | INFO | 撤单: order_id: 1082133410
2025-07-02 10:16:08 | SUCCESS | 异步撤单请求发送成功 -> 订单ID: 1082133410
2025-07-02 10:16:08 | WARNING | 订单超时未成交 | ID: 1082133411 | 尝试撤单
2025-07-02 10:16:08 | INFO | 撤单: order_id: 1082133411
2025-07-02 10:16:08 | SUCCESS | 异步撤单请求发送成功 -> 订单ID: 1082133411
2025-07-02 10:16:08 | INFO | 订单 信息推送: 订单ID=1082133411, 股票代码=001202.SZ, 方向=24, 价格=13.39, 委托数量=9400, 已成交=0, 委托状态=54
2025-07-02 10:16:08 | INFO | 撤单成功生成新订单 | 001202.SZ 9400股
2025-07-02 10:16:08 | INFO | 订单 信息推送: 订单ID=1082133410, 股票代码=001259.SZ, 方向=24, 价格=25.79, 委托数量=2200, 已成交=0, 委托状态=54
2025-07-02 10:16:08 | INFO | 撤单成功生成新订单 | 001259.SZ 2200股
2025-07-02 10:16:08 | INFO | 发送异步订单: stock_code=001202.SZ, price=13.39, volume=9400, type=sell, price_type=1
2025-07-02 10:16:08 | SUCCESS | 异步订单已提交，ID: 246
2025-07-02 10:16:08 | INFO | 发送异步订单: stock_code=001259.SZ, price=25.79, volume=2200, type=sell, price_type=1
2025-07-02 10:16:08 | SUCCESS | 异步订单已提交，ID: 247
2025-07-02 10:16:09 | INFO | 订单 信息推送: 订单ID=1082133464, 股票代码=001202.SZ, 方向=24, 价格=13.39, 委托数量=9400, 已成交=0, 委托状态=50
2025-07-02 10:16:09 | INFO | 订单 信息推送: 订单ID=1082133465, 股票代码=001259.SZ, 方向=24, 价格=25.79, 委托数量=2200, 已成交=0, 委托状态=50
2025-07-02 10:17:19 | INFO | 心跳检测开始，间隔时间: 310
2025-07-02 10:17:19 | INFO | 心跳检测正常，重新计时: 2025-07-02 10:17:19.037618
2025-07-02 10:18:08 | WARNING | 订单超时未成交 | ID: 1082133464 | 尝试撤单
2025-07-02 10:18:08 | INFO | 撤单: order_id: 1082133464
2025-07-02 10:18:08 | SUCCESS | 异步撤单请求发送成功 -> 订单ID: 1082133464
2025-07-02 10:18:08 | WARNING | 订单超时未成交 | ID: 1082133465 | 尝试撤单
2025-07-02 10:18:08 | INFO | 撤单: order_id: 1082133465
2025-07-02 10:18:08 | SUCCESS | 异步撤单请求发送成功 -> 订单ID: 1082133465
2025-07-02 10:18:08 | INFO | 订单 信息推送: 订单ID=1082133465, 股票代码=001259.SZ, 方向=24, 价格=25.79, 委托数量=2200, 已成交=0, 委托状态=54
2025-07-02 10:18:08 | INFO | 撤单成功生成新订单 | 001259.SZ 2200股
2025-07-02 10:18:08 | INFO | 订单 信息推送: 订单ID=1082133464, 股票代码=001202.SZ, 方向=24, 价格=13.39, 委托数量=9400, 已成交=0, 委托状态=54
2025-07-02 10:18:08 | INFO | 撤单成功生成新订单 | 001202.SZ 9400股
2025-07-02 10:18:09 | INFO | 发送异步订单: stock_code=001259.SZ, price=25.79, volume=2200, type=sell, price_type=1
2025-07-02 10:18:09 | SUCCESS | 异步订单已提交，ID: 368
2025-07-02 10:18:09 | INFO | 发送异步订单: stock_code=001202.SZ, price=13.39, volume=9400, type=sell, price_type=1
2025-07-02 10:18:09 | SUCCESS | 异步订单已提交，ID: 369
2025-07-02 10:18:09 | INFO | 订单 信息推送: 订单ID=1082133520, 股票代码=001259.SZ, 方向=24, 价格=25.79, 委托数量=2200, 已成交=0, 委托状态=50
2025-07-02 10:18:09 | INFO | 订单 信息推送: 订单ID=1082133521, 股票代码=001202.SZ, 方向=24, 价格=13.39, 委托数量=9400, 已成交=0, 委托状态=50
2025-07-02 10:20:08 | WARNING | 订单超时未成交 | ID: 1082133520 | 尝试撤单
2025-07-02 10:20:08 | INFO | 撤单: order_id: 1082133520
2025-07-02 10:20:08 | SUCCESS | 异步撤单请求发送成功 -> 订单ID: 1082133520
2025-07-02 10:20:08 | WARNING | 订单超时未成交 | ID: 1082133521 | 尝试撤单
2025-07-02 10:20:08 | INFO | 撤单: order_id: 1082133521
2025-07-02 10:20:08 | SUCCESS | 异步撤单请求发送成功 -> 订单ID: 1082133521
2025-07-02 10:20:08 | INFO | 订单 信息推送: 订单ID=1082133521, 股票代码=001202.SZ, 方向=24, 价格=13.39, 委托数量=9400, 已成交=0, 委托状态=54
2025-07-02 10:20:08 | WARNING | 超过最大挂撤单次数，不再发单: 4
2025-07-02 10:20:08 | INFO | 订单 信息推送: 订单ID=1082133520, 股票代码=001259.SZ, 方向=24, 价格=25.79, 委托数量=2200, 已成交=0, 委托状态=54
2025-07-02 10:20:08 | WARNING | 超过最大挂撤单次数，不再发单: 4
2025-07-02 10:22:29 | INFO | 心跳检测开始，间隔时间: 310
2025-07-02 10:22:29 | INFO | 心跳检测正常，重新计时: 2025-07-02 10:22:29.261564
2025-07-02 10:24:34 | INFO | 账户信息推送, 账户ID: 40069146, 账户类型: 2, 账户状态: 1, 
2025-07-02 10:24:34 | ERROR | 账户状态异常
2025-07-02 10:24:57 | INFO | 账户信息推送, 账户ID: 40069146, 账户类型: 2, 账户状态: 0, 
2025-07-02 10:27:39 | WARNING | 用户中断，准备关闭系统
2025-07-02 10:27:39 | INFO | 交易结束，查询当日总体情况
2025-07-02 10:27:39 | INFO | 当日资产: 20031196.95
2025-07-02 10:27:39 | INFO | 当日委托: 23笔
2025-07-02 10:27:39 | INFO | 当日成交: 2笔
2025-07-02 10:27:39 | INFO | 持仓数量: 29只股票
2025-07-02 10:27:39 | INFO | 开始关闭交易系统...
2025-07-02 10:27:39 | SUCCESS | 交易系统已完全停止
2025-07-02 10:27:56 | SUCCESS | 连接MiniQMT成功！会话ID: 100, 资金账号: 40069146
2025-07-02 10:27:56 | SUCCESS | 交易回调订阅成功: 0
2025-07-02 10:27:56 | SUCCESS | 成功读取交易信号: 29条
2025-07-02 10:27:56 | INFO | 当前持仓数量: 29只股票
2025-07-02 10:27:56 | INFO | 生成待处理订单 -> stock_code: 001202.SZ | order_type: sell | volume: 9400
2025-07-02 10:27:56 | INFO | 生成待处理订单 -> stock_code: 001259.SZ | order_type: sell | volume: 2200
2025-07-02 10:27:56 | INFO | 启动定时器 | 行情监听（非阻塞）
2025-07-02 10:27:56 | INFO | 主线程进入阻塞状态，等待交易结束...
2025-07-02 10:28:06 | INFO | 发送异步订单: stock_code=001202.SZ, price=13.08, volume=9400, type=sell, price_type=1
2025-07-02 10:28:06 | SUCCESS | 异步订单已提交，ID: 13
2025-07-02 10:28:06 | INFO | 发送异步订单: stock_code=001259.SZ, price=25.47, volume=2200, type=sell, price_type=1
2025-07-02 10:28:06 | SUCCESS | 异步订单已提交，ID: 14
2025-07-02 10:28:07 | INFO | 订单 信息推送: 订单ID=1082133786, 股票代码=001259.SZ, 方向=24, 价格=25.47, 委托数量=2200, 已成交=0, 委托状态=50
2025-07-02 10:28:07 | INFO | 订单 信息推送: 订单ID=1082133785, 股票代码=001202.SZ, 方向=24, 价格=13.08, 委托数量=9400, 已成交=0, 委托状态=50
2025-07-02 10:28:07 | INFO | 订单 信息推送: 订单ID=1082133786, 股票代码=001259.SZ, 方向=24, 价格=25.47, 委托数量=2200, 已成交=1600, 委托状态=55
2025-07-02 10:28:07 | INFO | 订单 信息推送: 订单ID=1082133786, 股票代码=001259.SZ, 方向=24, 价格=25.47, 委托数量=2200, 已成交=2200, 委托状态=56
2025-07-02 10:28:07 | INFO | 订单 信息推送: 订单ID=1082133785, 股票代码=001202.SZ, 方向=24, 价格=13.08, 委托数量=9400, 已成交=600, 委托状态=55
2025-07-02 10:28:07 | INFO | 订单 信息推送: 订单ID=1082133785, 股票代码=001202.SZ, 方向=24, 价格=13.08, 委托数量=9400, 已成交=5100, 委托状态=55
2025-07-02 10:28:07 | INFO | 订单 信息推送: 订单ID=1082133785, 股票代码=001202.SZ, 方向=24, 价格=13.08, 委托数量=9400, 已成交=9400, 委托状态=56
2025-07-02 10:31:16 | WARNING | 用户中断，准备关闭系统
2025-07-02 10:31:16 | INFO | 交易结束，查询当日总体情况
2025-07-02 10:31:16 | INFO | 当日资产: 20029826.12
2025-07-02 10:31:16 | INFO | 当日委托: 25笔
2025-07-02 10:31:16 | INFO | 当日成交: 7笔
2025-07-02 10:31:16 | INFO | 持仓数量: 29只股票
2025-07-02 10:31:16 | INFO | 开始关闭交易系统...
2025-07-02 10:31:16 | SUCCESS | 交易系统已完全停止
2025-07-02 10:31:32 | SUCCESS | 连接MiniQMT成功！会话ID: 100, 资金账号: 40069146
2025-07-02 10:31:32 | SUCCESS | 交易回调订阅成功: 0
2025-07-02 10:31:32 | SUCCESS | 成功读取交易信号: 29条
2025-07-02 10:31:32 | INFO | 当前持仓数量: 29只股票
2025-07-02 10:31:32 | INFO | 生成待处理订单 -> stock_code: 001202.SZ | order_type: buy | volume: 10000
2025-07-02 10:31:32 | INFO | 生成待处理订单 -> stock_code: 001259.SZ | order_type: buy | volume: 10000
2025-07-02 10:31:32 | INFO | 启动定时器 | 行情监听（非阻塞）
2025-07-02 10:31:32 | INFO | 主线程进入阻塞状态，等待交易结束...
2025-07-02 10:31:42 | WARNING | 尚未监听到行情数据: 001202.SZ
2025-07-02 10:31:42 | WARNING | 尚未监听到行情数据: 001259.SZ
2025-07-02 10:31:46 | WARNING | 用户中断，准备关闭系统
2025-07-02 10:31:46 | INFO | 交易结束，查询当日总体情况
2025-07-02 10:31:46 | INFO | 当日资产: 20030419.12
2025-07-02 10:31:46 | INFO | 当日委托: 25笔
2025-07-02 10:31:46 | INFO | 当日成交: 7笔
2025-07-02 10:31:46 | INFO | 持仓数量: 29只股票
2025-07-02 10:31:46 | INFO | 开始关闭交易系统...
2025-07-02 10:31:46 | SUCCESS | 交易系统已完全停止
2025-07-02 10:32:14 | SUCCESS | 连接MiniQMT成功！会话ID: 100, 资金账号: 40069146
2025-07-02 10:32:14 | SUCCESS | 交易回调订阅成功: 0
2025-07-02 10:32:14 | SUCCESS | 成功读取交易信号: 29条
2025-07-02 10:32:14 | INFO | 当前持仓数量: 29只股票
2025-07-02 10:32:14 | INFO | 生成待处理订单 -> stock_code: 001202.SZ | order_type: buy | volume: 10000
2025-07-02 10:32:14 | INFO | 生成待处理订单 -> stock_code: 001259.SZ | order_type: buy | volume: 10000
2025-07-02 10:32:14 | INFO | 启动定时器 | 行情监听（非阻塞）
2025-07-02 10:32:14 | INFO | 主线程进入阻塞状态，等待交易结束...
2025-07-02 10:32:20 | WARNING | 用户中断，准备关闭系统
2025-07-02 10:32:20 | INFO | 交易结束，查询当日总体情况
2025-07-02 10:32:20 | INFO | 当日资产: 20030419.12
2025-07-02 10:32:20 | INFO | 当日委托: 25笔
2025-07-02 10:32:20 | INFO | 当日成交: 7笔
2025-07-02 10:32:20 | INFO | 持仓数量: 29只股票
2025-07-02 10:32:20 | INFO | 开始关闭交易系统...
2025-07-02 10:32:20 | SUCCESS | 交易系统已完全停止
2025-07-02 10:34:07 | SUCCESS | 连接MiniQMT成功！会话ID: 100, 资金账号: 40069146
2025-07-02 10:34:07 | SUCCESS | 交易回调订阅成功: 0
2025-07-02 10:34:07 | SUCCESS | 成功读取交易信号: 29条
2025-07-02 10:34:07 | INFO | 当前持仓数量: 29只股票
2025-07-02 10:34:07 | INFO | 生成待处理订单 -> stock_code: 001202.SZ | order_type: buy | volume: 10000
2025-07-02 10:34:07 | INFO | 生成待处理订单 -> stock_code: 001259.SZ | order_type: buy | volume: 10000
2025-07-02 10:34:07 | INFO | 启动定时器 | 行情监听（非阻塞）
2025-07-02 10:34:07 | INFO | 主线程进入阻塞状态，等待交易结束...
2025-07-02 10:34:17 | INFO | 发送异步订单: stock_code=001202.SZ, price=13.09, volume=10000, type=buy, price_type=1
2025-07-02 10:34:17 | SUCCESS | 异步订单已提交，ID: 14
2025-07-02 10:34:17 | INFO | 发送异步订单: stock_code=001259.SZ, price=25.48, volume=10000, type=buy, price_type=1
2025-07-02 10:34:17 | SUCCESS | 异步订单已提交，ID: 15
2025-07-02 10:34:18 | INFO | 订单 信息推送: 订单ID=1082133923, 股票代码=001259.SZ, 方向=23, 价格=25.48, 委托数量=10000, 已成交=0, 委托状态=50
2025-07-02 10:34:18 | INFO | 订单 信息推送: 订单ID=1082133922, 股票代码=001202.SZ, 方向=23, 价格=13.09, 委托数量=10000, 已成交=0, 委托状态=50
2025-07-02 10:36:07 | WARNING | 订单超时未成交 | ID: 1082133923 | 尝试撤单
2025-07-02 10:36:07 | INFO | 撤单: order_id: 1082133923
2025-07-02 10:36:07 | SUCCESS | 异步撤单请求发送成功 -> 订单ID: 1082133923
2025-07-02 10:36:07 | WARNING | 订单超时未成交 | ID: 1082133922 | 尝试撤单
2025-07-02 10:36:07 | INFO | 撤单: order_id: 1082133922
2025-07-02 10:36:07 | SUCCESS | 异步撤单请求发送成功 -> 订单ID: 1082133922
2025-07-02 10:36:08 | INFO | 订单 信息推送: 订单ID=1082133923, 股票代码=001259.SZ, 方向=23, 价格=25.48, 委托数量=10000, 已成交=0, 委托状态=54
2025-07-02 10:36:08 | INFO | 撤单成功生成新订单 | 001259.SZ 10000股
2025-07-02 10:36:08 | INFO | 订单 信息推送: 订单ID=1082133922, 股票代码=001202.SZ, 方向=23, 价格=13.09, 委托数量=10000, 已成交=0, 委托状态=54
2025-07-02 10:36:08 | INFO | 撤单成功生成新订单 | 001202.SZ 10000股
2025-07-02 10:36:10 | WARNING | 用户中断，准备关闭系统
2025-07-02 10:36:10 | INFO | 交易结束，查询当日总体情况
2025-07-02 10:36:10 | INFO | 当日资产: 20027356.12
2025-07-02 10:36:10 | INFO | 当日委托: 27笔
2025-07-02 10:36:10 | INFO | 当日成交: 7笔
2025-07-02 10:36:10 | INFO | 持仓数量: 29只股票
2025-07-02 10:36:10 | INFO | 开始关闭交易系统...
2025-07-02 10:36:10 | SUCCESS | 交易系统已完全停止
2025-07-02 10:37:39 | SUCCESS | 连接MiniQMT成功！会话ID: 100, 资金账号: 40069146
2025-07-02 10:37:39 | SUCCESS | 交易回调订阅成功: 0
2025-07-02 10:37:39 | SUCCESS | 成功读取交易信号: 29条
2025-07-02 10:37:39 | INFO | 当前持仓数量: 29只股票
2025-07-02 10:37:39 | INFO | 生成待处理订单 -> stock_code: 001202.SZ | order_type: buy | volume: 10000
2025-07-02 10:37:39 | INFO | 生成待处理订单 -> stock_code: 001259.SZ | order_type: buy | volume: 10000
2025-07-02 10:37:39 | INFO | 启动定时器 | 行情监听（非阻塞）
2025-07-02 10:37:39 | INFO | 主线程进入阻塞状态，等待交易结束...
2025-07-02 10:37:49 | WARNING | 用户中断，准备关闭系统
2025-07-02 10:37:49 | INFO | 交易结束，查询当日总体情况
2025-07-02 10:37:49 | INFO | 当日资产: 20026443.12
2025-07-02 10:37:49 | INFO | 当日委托: 27笔
2025-07-02 10:37:49 | INFO | 当日成交: 7笔
2025-07-02 10:37:49 | INFO | 持仓数量: 29只股票
2025-07-02 10:37:49 | INFO | 开始关闭交易系统...
2025-07-02 10:37:49 | SUCCESS | 交易系统已完全停止
2025-07-02 10:38:19 | SUCCESS | 连接MiniQMT成功！会话ID: 100, 资金账号: 40069146
2025-07-02 10:38:19 | SUCCESS | 交易回调订阅成功: 0
2025-07-02 10:38:19 | SUCCESS | 成功读取交易信号: 29条
2025-07-02 10:38:19 | INFO | 当前持仓数量: 29只股票
2025-07-02 10:38:19 | INFO | 生成待处理订单 -> stock_code: 001202.SZ | order_type: buy | volume: 10000
2025-07-02 10:38:19 | INFO | 生成待处理订单 -> stock_code: 001259.SZ | order_type: buy | volume: 10000
2025-07-02 10:38:19 | INFO | 启动定时器 | 行情监听（非阻塞）
2025-07-02 10:38:19 | INFO | 主线程进入阻塞状态，等待交易结束...
2025-07-02 10:38:29 | INFO | 发送异步订单: stock_code=001202.SZ, price=13.09, volume=10000, type=buy, price_type=1
2025-07-02 10:38:29 | SUCCESS | 异步订单已提交，ID: 13
2025-07-02 10:38:29 | INFO | 发送异步订单: stock_code=001259.SZ, price=25.48, volume=10000, type=buy, price_type=1
2025-07-02 10:38:29 | SUCCESS | 异步订单已提交，ID: 14
2025-07-02 10:38:29 | INFO | 订单 信息推送: 订单ID=1082134009, 股票代码=001259.SZ, 方向=23, 价格=25.48, 委托数量=10000, 已成交=0, 委托状态=50
2025-07-02 10:38:29 | INFO | 订单 信息推送: 订单ID=1082134008, 股票代码=001202.SZ, 方向=23, 价格=13.09, 委托数量=10000, 已成交=0, 委托状态=50
2025-07-02 10:38:29 | INFO | 订单 信息推送: 订单ID=1082134008, 股票代码=001202.SZ, 方向=23, 价格=13.09, 委托数量=10000, 已成交=0, 委托状态=50
2025-07-02 10:40:19 | WARNING | 订单超时未成交 | ID: 1082134009 | 尝试撤单
2025-07-02 10:40:19 | INFO | 撤单: order_id: 1082134009
2025-07-02 10:40:19 | SUCCESS | 异步撤单请求发送成功 -> 订单ID: 1082134009
2025-07-02 10:40:19 | WARNING | 订单超时未成交 | ID: 1082134008 | 尝试撤单
2025-07-02 10:40:19 | INFO | 撤单: order_id: 1082134008
2025-07-02 10:40:19 | SUCCESS | 异步撤单请求发送成功 -> 订单ID: 1082134008
2025-07-02 10:40:19 | INFO | 订单 信息推送: 订单ID=1082134008, 股票代码=001202.SZ, 方向=23, 价格=13.09, 委托数量=10000, 已成交=0, 委托状态=54
2025-07-02 10:40:19 | INFO | 撤单成功生成新订单 | 001202.SZ 10000股
2025-07-02 10:40:19 | INFO | 订单 信息推送: 订单ID=1082134009, 股票代码=001259.SZ, 方向=23, 价格=25.48, 委托数量=10000, 已成交=0, 委托状态=54
2025-07-02 10:40:19 | INFO | 撤单成功生成新订单 | 001259.SZ 10000股
2025-07-02 10:40:29 | INFO | 发送异步订单: stock_code=001202.SZ, price=13.09, volume=10000, type=buy, price_type=1
2025-07-02 10:40:29 | SUCCESS | 异步订单已提交，ID: 133
2025-07-02 10:40:29 | INFO | 发送异步订单: stock_code=001259.SZ, price=25.48, volume=10000, type=buy, price_type=1
2025-07-02 10:40:29 | SUCCESS | 异步订单已提交，ID: 134
2025-07-02 10:40:29 | INFO | 订单 信息推送: 订单ID=1082134054, 股票代码=001202.SZ, 方向=23, 价格=13.09, 委托数量=10000, 已成交=0, 委托状态=50
2025-07-02 10:40:30 | INFO | 订单 信息推送: 订单ID=1082134055, 股票代码=001259.SZ, 方向=23, 价格=25.48, 委托数量=10000, 已成交=0, 委托状态=50
2025-07-02 10:42:19 | WARNING | 订单超时未成交 | ID: 1082134054 | 尝试撤单
2025-07-02 10:42:19 | INFO | 撤单: order_id: 1082134054
2025-07-02 10:42:19 | SUCCESS | 异步撤单请求发送成功 -> 订单ID: 1082134054
2025-07-02 10:42:19 | WARNING | 订单超时未成交 | ID: 1082134055 | 尝试撤单
2025-07-02 10:42:19 | INFO | 撤单: order_id: 1082134055
2025-07-02 10:42:19 | SUCCESS | 异步撤单请求发送成功 -> 订单ID: 1082134055
2025-07-02 10:42:19 | INFO | 订单 信息推送: 订单ID=1082134055, 股票代码=001259.SZ, 方向=23, 价格=25.48, 委托数量=10000, 已成交=0, 委托状态=54
2025-07-02 10:42:19 | INFO | 撤单成功生成新订单 | 001259.SZ 10000股
2025-07-02 10:42:19 | INFO | 订单 信息推送: 订单ID=1082134054, 股票代码=001202.SZ, 方向=23, 价格=13.09, 委托数量=10000, 已成交=0, 委托状态=54
2025-07-02 10:42:19 | INFO | 撤单成功生成新订单 | 001202.SZ 10000股
2025-07-02 10:42:19 | INFO | 发送异步订单: stock_code=001259.SZ, price=25.48, volume=10000, type=buy, price_type=1
2025-07-02 10:42:19 | SUCCESS | 异步订单已提交，ID: 244
2025-07-02 10:42:19 | INFO | 发送异步订单: stock_code=001202.SZ, price=13.09, volume=10000, type=buy, price_type=1
2025-07-02 10:42:19 | SUCCESS | 异步订单已提交，ID: 245
2025-07-02 10:42:19 | INFO | 订单 信息推送: 订单ID=1082134108, 股票代码=001259.SZ, 方向=23, 价格=25.48, 委托数量=10000, 已成交=0, 委托状态=50
2025-07-02 10:42:19 | INFO | 订单 信息推送: 订单ID=1082134109, 股票代码=001202.SZ, 方向=23, 价格=13.09, 委托数量=10000, 已成交=0, 委托状态=50
2025-07-02 10:43:29 | INFO | 心跳检测开始，间隔时间: 310
2025-07-02 10:43:29 | INFO | 心跳检测正常，重新计时: 2025-07-02 10:43:29.740079
2025-07-02 10:44:19 | WARNING | 订单超时未成交 | ID: 1082134108 | 尝试撤单
2025-07-02 10:44:19 | INFO | 撤单: order_id: 1082134108
2025-07-02 10:44:19 | SUCCESS | 异步撤单请求发送成功 -> 订单ID: 1082134108
2025-07-02 10:44:19 | WARNING | 订单超时未成交 | ID: 1082134109 | 尝试撤单
2025-07-02 10:44:19 | INFO | 撤单: order_id: 1082134109
2025-07-02 10:44:19 | SUCCESS | 异步撤单请求发送成功 -> 订单ID: 1082134109
2025-07-02 10:44:21 | INFO | 订单 信息推送: 订单ID=1082134109, 股票代码=001202.SZ, 方向=23, 价格=13.09, 委托数量=10000, 已成交=0, 委托状态=54
2025-07-02 10:44:21 | INFO | 撤单成功生成新订单 | 001202.SZ 10000股
2025-07-02 10:44:21 | INFO | 订单 信息推送: 订单ID=1082134108, 股票代码=001259.SZ, 方向=23, 价格=25.48, 委托数量=10000, 已成交=0, 委托状态=54
2025-07-02 10:44:21 | INFO | 撤单成功生成新订单 | 001259.SZ 10000股
2025-07-02 10:44:29 | INFO | 发送异步订单: stock_code=001202.SZ, price=13.09, volume=10000, type=buy, price_type=1
2025-07-02 10:44:29 | SUCCESS | 异步订单已提交，ID: 375
2025-07-02 10:44:29 | INFO | 发送异步订单: stock_code=001259.SZ, price=25.48, volume=10000, type=buy, price_type=1
2025-07-02 10:44:29 | SUCCESS | 异步订单已提交，ID: 376
2025-07-02 10:44:29 | INFO | 订单 信息推送: 订单ID=1082134158, 股票代码=001202.SZ, 方向=23, 价格=13.09, 委托数量=10000, 已成交=0, 委托状态=50
2025-07-02 10:44:29 | INFO | 订单 信息推送: 订单ID=1082134159, 股票代码=001259.SZ, 方向=23, 价格=25.48, 委托数量=10000, 已成交=0, 委托状态=50
2025-07-02 10:46:19 | WARNING | 订单超时未成交 | ID: 1082134158 | 尝试撤单
2025-07-02 10:46:19 | INFO | 撤单: order_id: 1082134158
2025-07-02 10:46:19 | SUCCESS | 异步撤单请求发送成功 -> 订单ID: 1082134158
2025-07-02 10:46:19 | WARNING | 订单超时未成交 | ID: 1082134159 | 尝试撤单
2025-07-02 10:46:19 | INFO | 撤单: order_id: 1082134159
2025-07-02 10:46:19 | SUCCESS | 异步撤单请求发送成功 -> 订单ID: 1082134159
2025-07-02 10:46:20 | INFO | 订单 信息推送: 订单ID=1082134158, 股票代码=001202.SZ, 方向=23, 价格=13.09, 委托数量=10000, 已成交=0, 委托状态=54
2025-07-02 10:46:20 | WARNING | 超过最大挂撤单次数，不再发单: 4
2025-07-02 10:46:20 | INFO | 订单 信息推送: 订单ID=1082134159, 股票代码=001259.SZ, 方向=23, 价格=25.48, 委托数量=10000, 已成交=0, 委托状态=54
2025-07-02 10:46:20 | WARNING | 超过最大挂撤单次数，不再发单: 4
2025-07-02 10:46:25 | WARNING | 用户中断，准备关闭系统
2025-07-02 10:46:25 | INFO | 交易结束，查询当日总体情况
2025-07-02 10:46:25 | INFO | 当日资产: 20022964.12
2025-07-02 10:46:25 | INFO | 当日委托: 35笔
2025-07-02 10:46:25 | INFO | 当日成交: 7笔
2025-07-02 10:46:25 | INFO | 持仓数量: 29只股票
2025-07-02 10:46:25 | INFO | 开始关闭交易系统...
2025-07-02 10:46:25 | SUCCESS | 交易系统已完全停止
2025-07-02 10:52:03 | SUCCESS | 连接MiniQMT成功！会话ID: 100, 资金账号: 40069146
2025-07-02 10:52:03 | SUCCESS | 交易回调订阅成功: 0
2025-07-02 10:52:03 | SUCCESS | 成功读取交易信号: 29条
2025-07-02 10:52:03 | INFO | 当前持仓数量: 29只股票
2025-07-02 10:52:03 | INFO | 生成待处理订单 -> stock_code: 001202.SZ | order_type: buy | volume: 10000
2025-07-02 10:52:03 | INFO | 生成待处理订单 -> stock_code: 001259.SZ | order_type: buy | volume: 10000
2025-07-02 10:52:03 | INFO | 启动定时器 | 行情监听（非阻塞）
2025-07-02 10:52:03 | ERROR | 系统异常: invalid stock_code, meta:1, market:
2025-07-02 10:52:03 | INFO | 交易结束，查询当日总体情况
2025-07-02 10:52:03 | INFO | 当日资产: 20026326.12
2025-07-02 10:52:03 | INFO | 当日委托: 35笔
2025-07-02 10:52:03 | INFO | 当日成交: 7笔
2025-07-02 10:52:03 | INFO | 持仓数量: 29只股票
2025-07-02 10:52:03 | INFO | 开始关闭交易系统...
2025-07-02 10:52:03 | SUCCESS | 交易系统已完全停止
2025-07-02 10:56:53 | SUCCESS | 连接MiniQMT成功！会话ID: 100, 资金账号: 40069146
2025-07-02 10:56:53 | SUCCESS | 交易回调订阅成功: 0
2025-07-02 10:56:53 | SUCCESS | 成功读取交易信号: 29条
2025-07-02 10:56:53 | INFO | 当前持仓数量: 29只股票
2025-07-02 10:56:53 | INFO | 生成待处理订单 -> stock_code: 001202.SZ | order_type: buy | volume: 10000
2025-07-02 10:56:53 | INFO | 生成待处理订单 -> stock_code: 001259.SZ | order_type: buy | volume: 10000
2025-07-02 10:56:53 | INFO | 启动定时器 | 行情监听（非阻塞）
2025-07-02 10:56:53 | INFO | 主线程进入阻塞状态，等待交易结束...
2025-07-02 10:57:03 | INFO | 发送异步订单: stock_code=001202.SZ, price=13.09, volume=10000, type=buy, price_type=1
2025-07-02 10:57:03 | SUCCESS | 异步订单已提交，ID: 13
2025-07-02 10:57:03 | INFO | 发送异步订单: stock_code=001259.SZ, price=25.48, volume=10000, type=buy, price_type=1
2025-07-02 10:57:03 | SUCCESS | 异步订单已提交，ID: 14
2025-07-02 10:57:04 | INFO | 订单 信息推送: 订单ID=1082134492, 股票代码=001202.SZ, 方向=23, 价格=13.09, 委托数量=10000, 已成交=0, 委托状态=50
2025-07-02 10:57:04 | INFO | 订单 信息推送: 订单ID=1082134493, 股票代码=001259.SZ, 方向=23, 价格=25.48, 委托数量=10000, 已成交=0, 委托状态=50
2025-07-02 10:58:53 | WARNING | 订单超时未成交 | ID: 1082134492 | 尝试撤单
2025-07-02 10:58:53 | INFO | 撤单: order_id: 1082134492
2025-07-02 10:58:53 | SUCCESS | 异步撤单请求发送成功 -> 订单ID: 1082134492
2025-07-02 10:58:53 | WARNING | 订单超时未成交 | ID: 1082134493 | 尝试撤单
2025-07-02 10:58:53 | INFO | 撤单: order_id: 1082134493
2025-07-02 10:58:53 | SUCCESS | 异步撤单请求发送成功 -> 订单ID: 1082134493
2025-07-02 10:58:55 | INFO | 订单 信息推送: 订单ID=1082134493, 股票代码=001259.SZ, 方向=23, 价格=25.48, 委托数量=10000, 已成交=0, 委托状态=54
2025-07-02 10:58:55 | INFO | 撤单成功生成新订单 | 001259.SZ 10000股
2025-07-02 10:58:55 | INFO | 订单 信息推送: 订单ID=1082134492, 股票代码=001202.SZ, 方向=23, 价格=13.09, 委托数量=10000, 已成交=0, 委托状态=54
2025-07-02 10:58:55 | INFO | 撤单成功生成新订单 | 001202.SZ 10000股
2025-07-02 10:59:03 | INFO | 发送异步订单: stock_code=001259.SZ, price=25.48, volume=10000, type=buy, price_type=1
2025-07-02 10:59:03 | SUCCESS | 异步订单已提交，ID: 133
2025-07-02 10:59:03 | INFO | 发送异步订单: stock_code=001202.SZ, price=13.09, volume=10000, type=buy, price_type=1
2025-07-02 10:59:03 | SUCCESS | 异步订单已提交，ID: 134
2025-07-02 10:59:03 | INFO | 订单 信息推送: 订单ID=1082134540, 股票代码=001259.SZ, 方向=23, 价格=25.48, 委托数量=10000, 已成交=0, 委托状态=50
2025-07-02 10:59:03 | INFO | 订单 信息推送: 订单ID=1082134541, 股票代码=001202.SZ, 方向=23, 价格=13.09, 委托数量=10000, 已成交=0, 委托状态=50
2025-07-02 11:00:53 | WARNING | 订单超时未成交 | ID: 1082134540 | 尝试撤单
2025-07-02 11:00:53 | INFO | 撤单: order_id: 1082134540
2025-07-02 11:00:53 | SUCCESS | 异步撤单请求发送成功 -> 订单ID: 1082134540
2025-07-02 11:00:53 | WARNING | 订单超时未成交 | ID: 1082134541 | 尝试撤单
2025-07-02 11:00:53 | INFO | 撤单: order_id: 1082134541
2025-07-02 11:00:53 | SUCCESS | 异步撤单请求发送成功 -> 订单ID: 1082134541
2025-07-02 11:00:53 | INFO | 订单 信息推送: 订单ID=1082134541, 股票代码=001202.SZ, 方向=23, 价格=13.09, 委托数量=10000, 已成交=0, 委托状态=54
2025-07-02 11:00:53 | INFO | 撤单成功生成新订单 | 001202.SZ 10000股
2025-07-02 11:00:53 | INFO | 发送异步订单: stock_code=001202.SZ, price=13.09, volume=10000, type=buy, price_type=1
2025-07-02 11:00:53 | SUCCESS | 异步订单已提交，ID: 244
2025-07-02 11:00:53 | INFO | 订单 信息推送: 订单ID=1082134540, 股票代码=001259.SZ, 方向=23, 价格=25.48, 委托数量=10000, 已成交=0, 委托状态=54
2025-07-02 11:00:53 | INFO | 撤单成功生成新订单 | 001259.SZ 10000股
2025-07-02 11:00:53 | INFO | 订单 信息推送: 订单ID=1082134587, 股票代码=001202.SZ, 方向=23, 价格=13.09, 委托数量=10000, 已成交=0, 委托状态=50
2025-07-02 11:00:53 | INFO | 订单 信息推送: 订单ID=1082134587, 股票代码=001202.SZ, 方向=23, 价格=13.09, 委托数量=10000, 已成交=0, 委托状态=50
2025-07-02 11:01:03 | INFO | 发送异步订单: stock_code=001259.SZ, price=25.48, volume=10000, type=buy, price_type=1
2025-07-02 11:01:03 | SUCCESS | 异步订单已提交，ID: 253
2025-07-02 11:01:03 | INFO | 订单 信息推送: 订单ID=1082134590, 股票代码=001259.SZ, 方向=23, 价格=25.48, 委托数量=10000, 已成交=0, 委托状态=50
2025-07-02 11:01:33 | INFO | 订单 信息推送: 订单ID=1082134587, 股票代码=001202.SZ, 方向=23, 价格=13.09, 委托数量=10000, 已成交=1200, 委托状态=55
2025-07-02 11:01:34 | INFO | 订单 信息推送: 订单ID=1082134587, 股票代码=001202.SZ, 方向=23, 价格=13.09, 委托数量=10000, 已成交=2400, 委托状态=55
2025-07-02 11:01:35 | INFO | 订单 信息推送: 订单ID=1082134587, 股票代码=001202.SZ, 方向=23, 价格=13.09, 委托数量=10000, 已成交=2600, 委托状态=55
2025-07-02 11:01:35 | INFO | 订单 信息推送: 订单ID=1082134587, 股票代码=001202.SZ, 方向=23, 价格=13.09, 委托数量=10000, 已成交=2800, 委托状态=55
2025-07-02 11:01:36 | INFO | 订单 信息推送: 订单ID=1082134587, 股票代码=001202.SZ, 方向=23, 价格=13.09, 委托数量=10000, 已成交=3000, 委托状态=55
2025-07-02 11:01:36 | INFO | 订单 信息推送: 订单ID=1082134587, 股票代码=001202.SZ, 方向=23, 价格=13.09, 委托数量=10000, 已成交=3200, 委托状态=55
2025-07-02 11:01:37 | INFO | 订单 信息推送: 订单ID=1082134587, 股票代码=001202.SZ, 方向=23, 价格=13.09, 委托数量=10000, 已成交=3400, 委托状态=55
2025-07-02 11:01:38 | INFO | 订单 信息推送: 订单ID=1082134587, 股票代码=001202.SZ, 方向=23, 价格=13.09, 委托数量=10000, 已成交=3600, 委托状态=55
2025-07-02 11:01:38 | INFO | 订单 信息推送: 订单ID=1082134587, 股票代码=001202.SZ, 方向=23, 价格=13.09, 委托数量=10000, 已成交=3800, 委托状态=55
2025-07-02 11:01:38 | INFO | 订单 信息推送: 订单ID=1082134587, 股票代码=001202.SZ, 方向=23, 价格=13.09, 委托数量=10000, 已成交=4000, 委托状态=55
2025-07-02 11:01:39 | INFO | 订单 信息推送: 订单ID=1082134587, 股票代码=001202.SZ, 方向=23, 价格=13.09, 委托数量=10000, 已成交=4200, 委托状态=55
2025-07-02 11:01:39 | INFO | 订单 信息推送: 订单ID=1082134587, 股票代码=001202.SZ, 方向=23, 价格=13.09, 委托数量=10000, 已成交=4400, 委托状态=55
2025-07-02 11:01:40 | INFO | 订单 信息推送: 订单ID=1082134587, 股票代码=001202.SZ, 方向=23, 价格=13.09, 委托数量=10000, 已成交=4600, 委托状态=55
2025-07-02 11:01:40 | INFO | 订单 信息推送: 订单ID=1082134587, 股票代码=001202.SZ, 方向=23, 价格=13.09, 委托数量=10000, 已成交=4800, 委托状态=55
2025-07-02 11:01:41 | INFO | 订单 信息推送: 订单ID=1082134587, 股票代码=001202.SZ, 方向=23, 价格=13.09, 委托数量=10000, 已成交=5000, 委托状态=55
2025-07-02 11:01:41 | INFO | 订单 信息推送: 订单ID=1082134587, 股票代码=001202.SZ, 方向=23, 价格=13.09, 委托数量=10000, 已成交=5200, 委托状态=55
2025-07-02 11:01:42 | INFO | 订单 信息推送: 订单ID=1082134587, 股票代码=001202.SZ, 方向=23, 价格=13.09, 委托数量=10000, 已成交=6300, 委托状态=55
2025-07-02 11:01:43 | INFO | 订单 信息推送: 订单ID=1082134587, 股票代码=001202.SZ, 方向=23, 价格=13.09, 委托数量=10000, 已成交=7400, 委托状态=55
2025-07-02 11:01:44 | INFO | 订单 信息推送: 订单ID=1082134587, 股票代码=001202.SZ, 方向=23, 价格=13.09, 委托数量=10000, 已成交=8500, 委托状态=55
2025-07-02 11:01:45 | INFO | 订单 信息推送: 订单ID=1082134587, 股票代码=001202.SZ, 方向=23, 价格=13.09, 委托数量=10000, 已成交=9600, 委托状态=55
2025-07-02 11:01:46 | INFO | 订单 信息推送: 订单ID=1082134587, 股票代码=001202.SZ, 方向=23, 价格=13.09, 委托数量=10000, 已成交=10000, 委托状态=56
2025-07-02 11:02:03 | INFO | 心跳检测开始，间隔时间: 310
2025-07-02 11:02:03 | INFO | 心跳检测正常，重新计时: 2025-07-02 11:02:03.406510
2025-07-02 11:02:53 | WARNING | 订单超时未成交 | ID: 1082134590 | 尝试撤单
2025-07-02 11:02:53 | INFO | 撤单: order_id: 1082134590
2025-07-02 11:02:53 | SUCCESS | 异步撤单请求发送成功 -> 订单ID: 1082134590
2025-07-02 11:02:54 | INFO | 订单 信息推送: 订单ID=1082134590, 股票代码=001259.SZ, 方向=23, 价格=25.48, 委托数量=10000, 已成交=0, 委托状态=54
2025-07-02 11:02:54 | INFO | 撤单成功生成新订单 | 001259.SZ 10000股
2025-07-02 11:03:03 | INFO | 发送异步订单: stock_code=001259.SZ, price=25.48, volume=10000, type=buy, price_type=1
2025-07-02 11:03:03 | SUCCESS | 异步订单已提交，ID: 358
2025-07-02 11:03:03 | INFO | 订单 信息推送: 订单ID=1082134632, 股票代码=001259.SZ, 方向=23, 价格=25.48, 委托数量=10000, 已成交=0, 委托状态=50
2025-07-02 11:04:53 | WARNING | 订单超时未成交 | ID: 1082134632 | 尝试撤单
2025-07-02 11:04:53 | INFO | 撤单: order_id: 1082134632
2025-07-02 11:04:53 | SUCCESS | 异步撤单请求发送成功 -> 订单ID: 1082134632
2025-07-02 11:04:53 | INFO | 订单 信息推送: 订单ID=1082134632, 股票代码=001259.SZ, 方向=23, 价格=25.48, 委托数量=10000, 已成交=0, 委托状态=54
2025-07-02 11:04:53 | WARNING | 超过最大挂撤单次数，不再发单: 4
2025-07-02 11:05:38 | WARNING | 用户中断，准备关闭系统
2025-07-02 11:05:38 | INFO | 交易结束，查询当日总体情况
2025-07-02 11:05:38 | INFO | 当日资产: 20024539.81
2025-07-02 11:05:38 | INFO | 当日委托: 42笔
2025-07-02 11:05:38 | INFO | 当日成交: 28笔
2025-07-02 11:05:38 | INFO | 持仓数量: 29只股票
2025-07-02 11:05:38 | INFO | 开始关闭交易系统...
2025-07-02 11:05:38 | SUCCESS | 交易系统已完全停止
2025-07-02 11:05:45 | ERROR | 交易连接失败，错误码: -1
2025-07-02 11:06:18 | SUCCESS | 连接MiniQMT成功！会话ID: 100, 资金账号: 40069146
2025-07-02 11:06:18 | SUCCESS | 交易回调订阅成功: 0
2025-07-02 11:06:18 | SUCCESS | 成功读取交易信号: 29条
2025-07-02 11:06:18 | INFO | 当前持仓数量: 29只股票
2025-07-02 11:06:18 | INFO | 生成待处理订单 -> stock_code: 001259.SZ | order_type: buy | volume: 10000
2025-07-02 11:06:18 | INFO | 启动定时器 | 行情监听（非阻塞）
2025-07-02 11:06:18 | INFO | 主线程进入阻塞状态，等待交易结束...
2025-07-02 11:06:28 | INFO | 发送异步订单: stock_code=001259.SZ, price=25.48, volume=10000, type=buy, price_type=1
2025-07-02 11:06:28 | SUCCESS | 异步订单已提交，ID: 13
2025-07-02 11:06:29 | INFO | 订单 信息推送: 订单ID=1082134842, 股票代码=001259.SZ, 方向=23, 价格=25.48, 委托数量=10000, 已成交=0, 委托状态=50
2025-07-02 11:08:18 | WARNING | 订单超时未成交 | ID: 1082134842 | 尝试撤单
2025-07-02 11:08:18 | INFO | 撤单: order_id: 1082134842
2025-07-02 11:08:18 | SUCCESS | 异步撤单请求发送成功 -> 订单ID: 1082134842
2025-07-02 11:08:20 | INFO | 订单 信息推送: 订单ID=1082134842, 股票代码=001259.SZ, 方向=23, 价格=25.48, 委托数量=10000, 已成交=0, 委托状态=54
2025-07-02 11:08:20 | INFO | 撤单成功生成新订单 | 001259.SZ 10000股
2025-07-02 11:08:29 | INFO | 发送异步订单: stock_code=001259.SZ, price=25.48, volume=10000, type=buy, price_type=1
2025-07-02 11:08:29 | SUCCESS | 异步订单已提交，ID: 133
2025-07-02 11:08:29 | INFO | 订单 信息推送: 订单ID=1082134874, 股票代码=001259.SZ, 方向=23, 价格=25.48, 委托数量=10000, 已成交=0, 委托状态=50
2025-07-02 11:10:18 | WARNING | 订单超时未成交 | ID: 1082134874 | 尝试撤单
2025-07-02 11:10:18 | INFO | 撤单: order_id: 1082134874
2025-07-02 11:10:18 | SUCCESS | 异步撤单请求发送成功 -> 订单ID: 1082134874
2025-07-02 11:10:19 | INFO | 订单 信息推送: 订单ID=1082134874, 股票代码=001259.SZ, 方向=23, 价格=25.48, 委托数量=10000, 已成交=0, 委托状态=54
2025-07-02 11:10:19 | INFO | 撤单成功生成新订单 | 001259.SZ 10000股
2025-07-02 11:10:29 | INFO | 发送异步订单: stock_code=001259.SZ, price=25.48, volume=10000, type=buy, price_type=1
2025-07-02 11:10:29 | SUCCESS | 异步订单已提交，ID: 252
2025-07-02 11:10:29 | INFO | 订单 信息推送: 订单ID=1082134948, 股票代码=001259.SZ, 方向=23, 价格=25.48, 委托数量=10000, 已成交=0, 委托状态=50
2025-07-02 11:11:29 | INFO | 心跳检测开始，间隔时间: 310
2025-07-02 11:11:29 | INFO | 心跳检测正常，重新计时: 2025-07-02 11:11:29.187227
2025-07-02 11:12:18 | WARNING | 订单超时未成交 | ID: 1082134948 | 尝试撤单
2025-07-02 11:12:18 | INFO | 撤单: order_id: 1082134948
2025-07-02 11:12:18 | SUCCESS | 异步撤单请求发送成功 -> 订单ID: 1082134948
2025-07-02 11:12:23 | INFO | 订单 信息推送: 订单ID=1082134948, 股票代码=001259.SZ, 方向=23, 价格=25.48, 委托数量=10000, 已成交=0, 委托状态=54
2025-07-02 11:12:23 | INFO | 撤单成功生成新订单 | 001259.SZ 10000股
2025-07-02 11:12:29 | INFO | 发送异步订单: stock_code=001259.SZ, price=25.48, volume=10000, type=buy, price_type=1
2025-07-02 11:12:29 | SUCCESS | 异步订单已提交，ID: 371
2025-07-02 11:12:29 | INFO | 订单 信息推送: 订单ID=1082135014, 股票代码=001259.SZ, 方向=23, 价格=25.48, 委托数量=10000, 已成交=0, 委托状态=50
2025-07-02 11:14:18 | WARNING | 订单超时未成交 | ID: 1082135014 | 尝试撤单
2025-07-02 11:14:18 | INFO | 撤单: order_id: 1082135014
2025-07-02 11:14:18 | SUCCESS | 异步撤单请求发送成功 -> 订单ID: 1082135014
2025-07-02 11:14:19 | INFO | 订单 信息推送: 订单ID=1082135014, 股票代码=001259.SZ, 方向=23, 价格=25.48, 委托数量=10000, 已成交=0, 委托状态=54
2025-07-02 11:14:19 | WARNING | 超过最大挂撤单次数，不再发单: 4
2025-07-02 11:16:39 | INFO | 心跳检测开始，间隔时间: 310
2025-07-02 11:16:39 | INFO | 心跳检测正常，重新计时: 2025-07-02 11:16:39.438674
2025-07-02 11:18:41 | INFO | 账户信息推送, 账户ID: 40069146, 账户类型: 2, 账户状态: 1, 
2025-07-02 11:18:41 | ERROR | 账户状态异常
2025-07-02 11:21:21 | INFO | 账户信息推送, 账户ID: 40069146, 账户类型: 2, 账户状态: 0, 
2025-07-02 11:21:49 | INFO | 心跳检测开始，间隔时间: 310
2025-07-02 11:21:49 | INFO | 心跳检测正常，重新计时: 2025-07-02 11:21:49.673304
2025-07-02 11:23:35 | INFO | 账户信息推送, 账户ID: 40069146, 账户类型: 2, 账户状态: 1, 
2025-07-02 11:23:35 | ERROR | 账户状态异常
2025-07-02 11:24:11 | INFO | 账户信息推送, 账户ID: 40069146, 账户类型: 2, 账户状态: 0, 
2025-07-02 11:26:59 | INFO | 心跳检测开始，间隔时间: 310
2025-07-02 11:26:59 | INFO | 心跳检测正常，重新计时: 2025-07-02 11:26:59.867994
2025-07-02 11:32:10 | INFO | 心跳检测开始，间隔时间: 310
2025-07-02 11:32:10 | INFO | 心跳检测正常，重新计时: 2025-07-02 11:32:10.132850
2025-07-02 11:37:20 | INFO | 心跳检测开始，间隔时间: 310
2025-07-02 11:37:20 | INFO | 心跳检测正常，重新计时: 2025-07-02 11:37:20.340606
2025-07-02 11:42:30 | INFO | 心跳检测开始，间隔时间: 310
2025-07-02 11:42:30 | INFO | 心跳检测正常，重新计时: 2025-07-02 11:42:30.543537
2025-07-02 11:47:40 | INFO | 心跳检测开始，间隔时间: 310
2025-07-02 11:47:40 | INFO | 心跳检测正常，重新计时: 2025-07-02 11:47:40.777213
2025-07-02 11:52:51 | INFO | 心跳检测开始，间隔时间: 310
2025-07-02 11:52:51 | INFO | 心跳检测正常，重新计时: 2025-07-02 11:52:51.044650
2025-07-02 11:58:01 | INFO | 心跳检测开始，间隔时间: 310
2025-07-02 11:58:01 | INFO | 心跳检测正常，重新计时: 2025-07-02 11:58:01.258905
2025-07-02 12:03:11 | INFO | 心跳检测开始，间隔时间: 310
2025-07-02 12:03:11 | INFO | 心跳检测正常，重新计时: 2025-07-02 12:03:11.563436
2025-07-02 12:08:21 | INFO | 心跳检测开始，间隔时间: 310
2025-07-02 12:08:21 | INFO | 心跳检测正常，重新计时: 2025-07-02 12:08:21.802473
2025-07-02 12:13:32 | INFO | 心跳检测开始，间隔时间: 310
2025-07-02 12:13:32 | INFO | 心跳检测正常，重新计时: 2025-07-02 12:13:32.108154
2025-07-02 12:16:19 | INFO | 账户信息推送, 账户ID: 40069146, 账户类型: 2, 账户状态: 1, 
2025-07-02 12:16:19 | ERROR | 账户状态异常
2025-07-02 12:16:29 | INFO | 账户信息推送, 账户ID: 40069146, 账户类型: 2, 账户状态: 2, 
2025-07-02 12:16:29 | ERROR | 账户状态异常
2025-07-02 12:16:29 | INFO | 账户信息推送, 账户ID: 40069146, 账户类型: 2, 账户状态: 4, 
2025-07-02 12:16:29 | ERROR | 账户状态异常
2025-07-02 12:16:31 | INFO | 账户信息推送, 账户ID: 40069146, 账户类型: 2, 账户状态: 0, 
2025-07-02 12:18:42 | INFO | 心跳检测开始，间隔时间: 310
2025-07-02 12:18:42 | INFO | 心跳检测正常，重新计时: 2025-07-02 12:18:42.330483
2025-07-02 12:19:03 | INFO | 账户信息推送, 账户ID: 40069146, 账户类型: 2, 账户状态: 1, 
2025-07-02 12:19:03 | ERROR | 账户状态异常
2025-07-02 12:19:13 | INFO | 账户信息推送, 账户ID: 40069146, 账户类型: 2, 账户状态: 0, 
2025-07-02 12:22:11 | INFO | 账户信息推送, 账户ID: 40069146, 账户类型: 2, 账户状态: 1, 
2025-07-02 12:22:11 | ERROR | 账户状态异常
2025-07-02 12:22:32 | INFO | 账户信息推送, 账户ID: 40069146, 账户类型: 2, 账户状态: 0, 
2025-07-02 12:23:52 | INFO | 心跳检测开始，间隔时间: 310
2025-07-02 12:23:52 | INFO | 心跳检测正常，重新计时: 2025-07-02 12:23:52.588027
2025-07-02 12:29:02 | INFO | 心跳检测开始，间隔时间: 310
2025-07-02 12:29:02 | INFO | 心跳检测正常，重新计时: 2025-07-02 12:29:02.841214
2025-07-02 12:34:13 | INFO | 心跳检测开始，间隔时间: 310
2025-07-02 12:34:13 | INFO | 心跳检测正常，重新计时: 2025-07-02 12:34:13.070862
2025-07-02 12:39:23 | INFO | 心跳检测开始，间隔时间: 310
2025-07-02 12:39:23 | INFO | 心跳检测正常，重新计时: 2025-07-02 12:39:23.288384
2025-07-02 12:44:33 | INFO | 心跳检测开始，间隔时间: 310
2025-07-02 12:44:33 | INFO | 心跳检测正常，重新计时: 2025-07-02 12:44:33.535413
2025-07-02 12:49:43 | INFO | 心跳检测开始，间隔时间: 310
2025-07-02 12:49:43 | INFO | 心跳检测正常，重新计时: 2025-07-02 12:49:43.761496
2025-07-02 12:54:54 | INFO | 心跳检测开始，间隔时间: 310
2025-07-02 12:54:54 | INFO | 心跳检测正常，重新计时: 2025-07-02 12:54:54.022081
2025-07-02 13:00:04 | INFO | 心跳检测开始，间隔时间: 310
2025-07-02 13:00:04 | INFO | 心跳检测正常，重新计时: 2025-07-02 13:00:04.270008
2025-07-02 13:05:14 | INFO | 心跳检测开始，间隔时间: 310
2025-07-02 13:05:14 | INFO | 心跳检测正常，重新计时: 2025-07-02 13:05:14.500022
2025-07-02 13:10:24 | INFO | 心跳检测开始，间隔时间: 310
2025-07-02 13:10:24 | INFO | 心跳检测正常，重新计时: 2025-07-02 13:10:24.764750
2025-07-02 13:11:29 | INFO | 账户信息推送, 账户ID: 40069146, 账户类型: 2, 账户状态: 1, 
2025-07-02 13:11:29 | ERROR | 账户状态异常
2025-07-02 13:12:14 | INFO | 账户信息推送, 账户ID: 40069146, 账户类型: 2, 账户状态: 0, 
2025-07-02 13:15:34 | INFO | 心跳检测开始，间隔时间: 310
2025-07-02 13:15:34 | INFO | 心跳检测正常，重新计时: 2025-07-02 13:15:34.993386
2025-07-02 13:20:45 | INFO | 心跳检测开始，间隔时间: 310
2025-07-02 13:20:45 | INFO | 心跳检测正常，重新计时: 2025-07-02 13:20:45.171851
2025-07-02 13:25:55 | INFO | 心跳检测开始，间隔时间: 310
2025-07-02 13:25:55 | INFO | 心跳检测正常，重新计时: 2025-07-02 13:25:55.375249
2025-07-02 13:31:05 | INFO | 心跳检测开始，间隔时间: 310
2025-07-02 13:31:05 | INFO | 心跳检测正常，重新计时: 2025-07-02 13:31:05.554063
2025-07-02 13:36:15 | INFO | 心跳检测开始，间隔时间: 310
2025-07-02 13:36:15 | INFO | 心跳检测正常，重新计时: 2025-07-02 13:36:15.789427
2025-07-02 13:41:26 | INFO | 心跳检测开始，间隔时间: 310
2025-07-02 13:41:26 | INFO | 心跳检测正常，重新计时: 2025-07-02 13:41:26.026151
2025-07-02 13:46:36 | INFO | 心跳检测开始，间隔时间: 310
2025-07-02 13:46:36 | INFO | 心跳检测正常，重新计时: 2025-07-02 13:46:36.255559
2025-07-02 13:51:46 | INFO | 心跳检测开始，间隔时间: 310
2025-07-02 13:51:46 | INFO | 心跳检测正常，重新计时: 2025-07-02 13:51:46.474364
2025-07-02 13:56:56 | INFO | 心跳检测开始，间隔时间: 310
2025-07-02 13:56:56 | INFO | 心跳检测正常，重新计时: 2025-07-02 13:56:56.700256
2025-07-02 14:02:06 | INFO | 心跳检测开始，间隔时间: 310
2025-07-02 14:02:06 | INFO | 心跳检测正常，重新计时: 2025-07-02 14:02:06.960300
2025-07-02 14:07:17 | INFO | 心跳检测开始，间隔时间: 310
2025-07-02 14:07:17 | INFO | 心跳检测正常，重新计时: 2025-07-02 14:07:17.165479
2025-07-02 14:12:27 | INFO | 心跳检测开始，间隔时间: 310
2025-07-02 14:12:27 | INFO | 心跳检测正常，重新计时: 2025-07-02 14:12:27.470235
2025-07-02 14:17:37 | INFO | 心跳检测开始，间隔时间: 310
2025-07-02 14:17:37 | INFO | 心跳检测正常，重新计时: 2025-07-02 14:17:37.683013
2025-07-02 14:22:47 | INFO | 心跳检测开始，间隔时间: 310
2025-07-02 14:22:47 | INFO | 心跳检测正常，重新计时: 2025-07-02 14:22:47.853527
2025-07-02 14:27:58 | INFO | 心跳检测开始，间隔时间: 310
2025-07-02 14:27:58 | INFO | 心跳检测正常，重新计时: 2025-07-02 14:27:58.093637
